<?xml version="1.0" encoding="UTF-8"?>
<coverage generated="1669624516125" clover="3.2.0">
  <project timestamp="1669624516125" name="All files">
    <metrics statements="79" coveredstatements="79" conditionals="55" coveredconditionals="52" methods="26" coveredmethods="26" elements="160" coveredelements="157" complexity="0" loc="79" ncloc="79" packages="1" files="2" classes="2"/>
    <file name="Bill.js" path="/home/mirko/corsoJS/programming-basics/projects/m6/001-lotto-game/solution/mirkodallaglio/Bill.js">
      <metrics statements="41" coveredstatements="41" conditionals="29" coveredconditionals="26" methods="11" coveredmethods="11"/>
      <line num="2" count="2" type="stmt"/>
      <line num="4" count="2" type="stmt"/>
      <line num="13" count="12" type="stmt"/>
      <line num="14" count="11" type="stmt"/>
      <line num="15" count="9" type="stmt"/>
      <line num="20" count="3" type="stmt"/>
      <line num="22" count="12" type="cond" truecount="5" falsecount="0"/>
      <line num="23" count="1" type="stmt"/>
      <line num="29" count="4" type="stmt"/>
      <line num="32" count="20" type="cond" truecount="1" falsecount="1"/>
      <line num="34" count="10" type="cond" truecount="2" falsecount="0"/>
      <line num="36" count="9" type="cond" truecount="2" falsecount="0"/>
      <line num="44" count="3" type="stmt"/>
      <line num="47" count="9" type="stmt"/>
      <line num="48" count="9" type="stmt"/>
      <line num="49" count="9" type="stmt"/>
      <line num="51" count="9" type="cond" truecount="4" falsecount="0"/>
      <line num="53" count="9" type="cond" truecount="1" falsecount="1"/>
      <line num="54" count="15" type="cond" truecount="2" falsecount="0"/>
      <line num="55" count="15" type="cond" truecount="2" falsecount="0"/>
      <line num="58" count="8" type="cond" truecount="2" falsecount="0"/>
      <line num="65" count="20" type="cond" truecount="4" falsecount="0"/>
      <line num="66" count="2" type="stmt"/>
      <line num="73" count="27" type="stmt"/>
      <line num="79" count="2" type="stmt"/>
      <line num="81" count="2" type="stmt"/>
      <line num="82" count="6" type="stmt"/>
      <line num="83" count="6" type="cond" truecount="1" falsecount="1"/>
      <line num="85" count="2" type="stmt"/>
      <line num="93" count="10" type="stmt"/>
      <line num="101" count="8" type="stmt"/>
      <line num="102" count="8" type="stmt"/>
      <line num="103" count="8" type="stmt"/>
      <line num="111" count="2" type="stmt"/>
      <line num="112" count="2" type="stmt"/>
      <line num="113" count="2" type="stmt"/>
      <line num="114" count="2" type="stmt"/>
      <line num="115" count="2" type="stmt"/>
      <line num="117" count="2" type="stmt"/>
      <line num="118" count="8" type="stmt"/>
      <line num="126" count="2" type="stmt"/>
    </file>
    <file name="utils.js" path="/home/mirko/corsoJS/programming-basics/projects/m6/001-lotto-game/solution/mirkodallaglio/utils.js">
      <metrics statements="38" coveredstatements="38" conditionals="26" coveredconditionals="26" methods="15" coveredmethods="15"/>
      <line num="1" count="1" type="stmt"/>
      <line num="13" count="3" type="stmt"/>
      <line num="15" count="3" type="cond" truecount="4" falsecount="0"/>
      <line num="17" count="1" type="stmt"/>
      <line num="18" count="1" type="stmt"/>
      <line num="27" count="6" type="cond" truecount="2" falsecount="0"/>
      <line num="28" count="2" type="stmt"/>
      <line num="39" count="3" type="stmt"/>
      <line num="40" count="3" type="stmt"/>
      <line num="42" count="3" type="stmt"/>
      <line num="43" count="9" type="stmt"/>
      <line num="44" count="9" type="stmt"/>
      <line num="46" count="3" type="stmt"/>
      <line num="52" count="3" type="stmt"/>
      <line num="57" count="1" type="stmt"/>
      <line num="64" count="1" type="stmt"/>
      <line num="65" count="1" type="stmt"/>
      <line num="72" count="1" type="stmt"/>
      <line num="73" count="2" type="stmt"/>
      <line num="83" count="14" type="stmt"/>
      <line num="96" count="4" type="cond" truecount="4" falsecount="0"/>
      <line num="98" count="1" type="stmt"/>
      <line num="99" count="1" type="stmt"/>
      <line num="100" count="11" type="cond" truecount="2" falsecount="0"/>
      <line num="101" count="10" type="cond" truecount="2" falsecount="0"/>
      <line num="102" count="9" type="stmt"/>
      <line num="104" count="1" type="stmt"/>
      <line num="107" count="1" type="stmt"/>
      <line num="108" count="1" type="stmt"/>
      <line num="111" count="1" type="stmt"/>
      <line num="114" count="1" type="stmt"/>
      <line num="126" count="3" type="cond" truecount="4" falsecount="0"/>
      <line num="127" count="1" type="stmt"/>
      <line num="128" count="6" type="stmt"/>
      <line num="129" count="1" type="stmt"/>
      <line num="131" count="2" type="cond" truecount="4" falsecount="0"/>
      <line num="133" count="1" type="stmt"/>
      <line num="136" count="1" type="stmt"/>
    </file>
  </project>
</coverage>
