{"/home/mirko/corsoJS/programming-basics/projects/m6/001-lotto-game/solution/mirkodallaglio/Bill.js": {"path":"/home/mirko/corsoJS/programming-basics/projects/m6/001-lotto-game/solution/mirkodallaglio/Bill.js","statementMap":{"0":{"start":{"line":2,"column":15},"end":{"line":2,"column":125}},"1":{"start":{"line":4,"column":14},"end":{"line":4,"column":77}},"2":{"start":{"line":13,"column":8},"end":{"line":13,"column":31}},"3":{"start":{"line":14,"column":8},"end":{"line":14,"column":25}},"4":{"start":{"line":15,"column":8},"end":{"line":15,"column":25}},"5":{"start":{"line":20,"column":21},"end":{"line":20,"column":41}},"6":{"start":{"line":22,"column":8},"end":{"line":23,"column":133}},"7":{"start":{"line":22,"column":68},"end":{"line":22,"column":90}},"8":{"start":{"line":23,"column":13},"end":{"line":23,"column":133}},"9":{"start":{"line":29,"column":18},"end":{"line":29,"column":35}},"10":{"start":{"line":32,"column":8},"end":{"line":32,"column":95}},"11":{"start":{"line":32,"column":40},"end":{"line":32,"column":95}},"12":{"start":{"line":32,"column":72},"end":{"line":32,"column":93}},"13":{"start":{"line":34,"column":8},"end":{"line":34,"column":164}},"14":{"start":{"line":34,"column":50},"end":{"line":34,"column":164}},"15":{"start":{"line":36,"column":8},"end":{"line":36,"column":80}},"16":{"start":{"line":36,"column":57},"end":{"line":36,"column":80}},"17":{"start":{"line":44,"column":18},"end":{"line":44,"column":35}},"18":{"start":{"line":47,"column":22},"end":{"line":47,"column":24}},"19":{"start":{"line":48,"column":22},"end":{"line":48,"column":24}},"20":{"start":{"line":49,"column":26},"end":{"line":49,"column":36}},"21":{"start":{"line":51,"column":8},"end":{"line":51,"column":118}},"22":{"start":{"line":51,"column":33},"end":{"line":51,"column":116}},"23":{"start":{"line":53,"column":8},"end":{"line":56,"column":11}},"24":{"start":{"line":53,"column":40},"end":{"line":56,"column":11}},"25":{"start":{"line":54,"column":12},"end":{"line":54,"column":137}},"26":{"start":{"line":54,"column":40},"end":{"line":54,"column":137}},"27":{"start":{"line":55,"column":12},"end":{"line":55,"column":53}},"28":{"start":{"line":55,"column":42},"end":{"line":55,"column":53}},"29":{"start":{"line":58,"column":8},"end":{"line":58,"column":177}},"30":{"start":{"line":58,"column":50},"end":{"line":58,"column":177}},"31":{"start":{"line":65,"column":8},"end":{"line":66,"column":107}},"32":{"start":{"line":65,"column":54},"end":{"line":65,"column":66}},"33":{"start":{"line":66,"column":13},"end":{"line":66,"column":107}},"34":{"start":{"line":73,"column":8},"end":{"line":73,"column":61}},"35":{"start":{"line":79,"column":23},"end":{"line":79,"column":25}},"36":{"start":{"line":81,"column":8},"end":{"line":84,"column":9}},"37":{"start":{"line":82,"column":27},"end":{"line":82,"column":61}},"38":{"start":{"line":83,"column":12},"end":{"line":83,"column":61}},"39":{"start":{"line":83,"column":42},"end":{"line":83,"column":61}},"40":{"start":{"line":85,"column":8},"end":{"line":85,"column":22}},"41":{"start":{"line":93,"column":8},"end":{"line":93,"column":58}},"42":{"start":{"line":101,"column":27},"end":{"line":101,"column":38}},"43":{"start":{"line":102,"column":22},"end":{"line":102,"column":49}},"44":{"start":{"line":103,"column":8},"end":{"line":103,"column":75}},"45":{"start":{"line":111,"column":22},"end":{"line":111,"column":58}},"46":{"start":{"line":112,"column":22},"end":{"line":112,"column":43}},"47":{"start":{"line":113,"column":21},"end":{"line":113,"column":42}},"48":{"start":{"line":114,"column":26},"end":{"line":114,"column":55}},"49":{"start":{"line":115,"column":26},"end":{"line":115,"column":28}},"50":{"start":{"line":117,"column":8},"end":{"line":120,"column":74}},"51":{"start":{"line":118,"column":12},"end":{"line":118,"column":99}},"52":{"start":{"line":126,"column":0},"end":{"line":126,"column":40}}},"fnMap":{"0":{"name":"(anonymous_0)","decl":{"start":{"line":12,"column":4},"end":{"line":12,"column":5}},"loc":{"start":{"line":12,"column":38},"end":{"line":16,"column":5}},"line":12},"1":{"name":"(anonymous_1)","decl":{"start":{"line":20,"column":4},"end":{"line":20,"column":5}},"loc":{"start":{"line":20,"column":19},"end":{"line":20,"column":43}},"line":20},"2":{"name":"(anonymous_2)","decl":{"start":{"line":21,"column":4},"end":{"line":21,"column":5}},"loc":{"start":{"line":21,"column":25},"end":{"line":24,"column":5}},"line":21},"3":{"name":"(anonymous_3)","decl":{"start":{"line":29,"column":4},"end":{"line":29,"column":5}},"loc":{"start":{"line":29,"column":16},"end":{"line":29,"column":37}},"line":29},"4":{"name":"(anonymous_4)","decl":{"start":{"line":30,"column":4},"end":{"line":30,"column":5}},"loc":{"start":{"line":30,"column":19},"end":{"line":37,"column":5}},"line":30},"5":{"name":"(anonymous_5)","decl":{"start":{"line":32,"column":64},"end":{"line":32,"column":65}},"loc":{"start":{"line":32,"column":72},"end":{"line":32,"column":93}},"line":32},"6":{"name":"(anonymous_6)","decl":{"start":{"line":44,"column":4},"end":{"line":44,"column":5}},"loc":{"start":{"line":44,"column":16},"end":{"line":44,"column":37}},"line":44},"7":{"name":"(anonymous_7)","decl":{"start":{"line":45,"column":4},"end":{"line":45,"column":5}},"loc":{"start":{"line":45,"column":19},"end":{"line":60,"column":5}},"line":45},"8":{"name":"(anonymous_8)","decl":{"start":{"line":53,"column":64},"end":{"line":53,"column":65}},"loc":{"start":{"line":53,"column":72},"end":{"line":56,"column":9}},"line":53},"9":{"name":"(anonymous_9)","decl":{"start":{"line":110,"column":4},"end":{"line":110,"column":5}},"loc":{"start":{"line":110,"column":25},"end":{"line":122,"column":5}},"line":110},"10":{"name":"(anonymous_10)","decl":{"start":{"line":117,"column":50},"end":{"line":117,"column":51}},"loc":{"start":{"line":117,"column":56},"end":{"line":120,"column":9}},"line":117}},"branchMap":{"0":{"loc":{"start":{"line":22,"column":8},"end":{"line":23,"column":133}},"type":"if","locations":[{"start":{"line":22,"column":8},"end":{"line":23,"column":133}},{"start":{"line":23,"column":13},"end":{"line":23,"column":133}}],"line":22},"1":{"loc":{"start":{"line":22,"column":12},"end":{"line":22,"column":66}},"type":"binary-expr","locations":[{"start":{"line":22,"column":12},"end":{"line":22,"column":38}},{"start":{"line":22,"column":42},"end":{"line":22,"column":52}},{"start":{"line":22,"column":56},"end":{"line":22,"column":66}}],"line":22},"2":{"loc":{"start":{"line":32,"column":8},"end":{"line":32,"column":95}},"type":"if","locations":[{"start":{"line":32,"column":8},"end":{"line":32,"column":95}},{"start":{},"end":{}}],"line":32},"3":{"loc":{"start":{"line":34,"column":8},"end":{"line":34,"column":164}},"type":"if","locations":[{"start":{"line":34,"column":8},"end":{"line":34,"column":164}},{"start":{},"end":{}}],"line":34},"4":{"loc":{"start":{"line":36,"column":8},"end":{"line":36,"column":80}},"type":"if","locations":[{"start":{"line":36,"column":8},"end":{"line":36,"column":80}},{"start":{},"end":{}}],"line":36},"5":{"loc":{"start":{"line":51,"column":8},"end":{"line":51,"column":118}},"type":"if","locations":[{"start":{"line":51,"column":8},"end":{"line":51,"column":118}},{"start":{},"end":{}}],"line":51},"6":{"loc":{"start":{"line":51,"column":60},"end":{"line":51,"column":115}},"type":"cond-expr","locations":[{"start":{"line":51,"column":84},"end":{"line":51,"column":99}},{"start":{"line":51,"column":102},"end":{"line":51,"column":115}}],"line":51},"7":{"loc":{"start":{"line":53,"column":8},"end":{"line":56,"column":11}},"type":"if","locations":[{"start":{"line":53,"column":8},"end":{"line":56,"column":11}},{"start":{},"end":{}}],"line":53},"8":{"loc":{"start":{"line":54,"column":12},"end":{"line":54,"column":137}},"type":"if","locations":[{"start":{"line":54,"column":12},"end":{"line":54,"column":137}},{"start":{},"end":{}}],"line":54},"9":{"loc":{"start":{"line":55,"column":12},"end":{"line":55,"column":53}},"type":"if","locations":[{"start":{"line":55,"column":12},"end":{"line":55,"column":53}},{"start":{},"end":{}}],"line":55},"10":{"loc":{"start":{"line":58,"column":8},"end":{"line":58,"column":177}},"type":"if","locations":[{"start":{"line":58,"column":8},"end":{"line":58,"column":177}},{"start":{},"end":{}}],"line":58},"11":{"loc":{"start":{"line":65,"column":8},"end":{"line":66,"column":107}},"type":"if","locations":[{"start":{"line":65,"column":8},"end":{"line":66,"column":107}},{"start":{"line":66,"column":13},"end":{"line":66,"column":107}}],"line":65},"12":{"loc":{"start":{"line":65,"column":12},"end":{"line":65,"column":52}},"type":"binary-expr","locations":[{"start":{"line":65,"column":12},"end":{"line":65,"column":32}},{"start":{"line":65,"column":36},"end":{"line":65,"column":52}}],"line":65},"13":{"loc":{"start":{"line":83,"column":12},"end":{"line":83,"column":61}},"type":"if","locations":[{"start":{"line":83,"column":12},"end":{"line":83,"column":61}},{"start":{},"end":{}}],"line":83}},"s":{"0":2,"1":2,"2":12,"3":11,"4":9,"5":3,"6":12,"7":11,"8":1,"9":4,"10":11,"11":10,"12":20,"13":10,"14":1,"15":9,"16":1,"17":3,"18":9,"19":9,"20":9,"21":9,"22":3,"23":9,"24":8,"25":15,"26":3,"27":15,"28":11,"29":8,"30":3,"31":20,"32":18,"33":2,"34":27,"35":2,"36":2,"37":6,"38":6,"39":6,"40":2,"41":10,"42":8,"43":8,"44":8,"45":2,"46":2,"47":2,"48":2,"49":2,"50":2,"51":8,"52":2},"f":{"0":12,"1":3,"2":12,"3":4,"4":11,"5":20,"6":3,"7":9,"8":15,"9":2,"10":8},"b":{"0":[11,1],"1":[12,12,11],"2":[10,0],"3":[1,9],"4":[1,8],"5":[3,6],"6":[2,1],"7":[8,0],"8":[3,12],"9":[11,4],"10":[3,5],"11":[18,2],"12":[20,18],"13":[6,0]},"_coverageSchema":"1a1c01bbd47fc00a2c39e90264f33305004495a9","hash":"6bb93b77ff185f33ad0ddd15cc5fad5a46311908"}
,"/home/mirko/corsoJS/programming-basics/projects/m6/001-lotto-game/solution/mirkodallaglio/utils.js": {"path":"/home/mirko/corsoJS/programming-basics/projects/m6/001-lotto-game/solution/mirkodallaglio/utils.js","statementMap":{"0":{"start":{"line":1,"column":15},"end":{"line":1,"column":53}},"1":{"start":{"line":13,"column":18},"end":{"line":13,"column":59}},"2":{"start":{"line":15,"column":4},"end":{"line":19,"column":5}},"3":{"start":{"line":15,"column":30},"end":{"line":15,"column":43}},"4":{"start":{"line":17,"column":8},"end":{"line":17,"column":50}},"5":{"start":{"line":18,"column":8},"end":{"line":18,"column":56}},"6":{"start":{"line":27,"column":4},"end":{"line":28,"column":21}},"7":{"start":{"line":27,"column":39},"end":{"line":27,"column":52}},"8":{"start":{"line":28,"column":9},"end":{"line":28,"column":21}},"9":{"start":{"line":39,"column":16},"end":{"line":39,"column":18}},"10":{"start":{"line":40,"column":17},"end":{"line":40,"column":19}},"11":{"start":{"line":42,"column":4},"end":{"line":45,"column":7}},"12":{"start":{"line":43,"column":8},"end":{"line":43,"column":40}},"13":{"start":{"line":44,"column":8},"end":{"line":44,"column":32}},"14":{"start":{"line":46,"column":4},"end":{"line":46,"column":24}},"15":{"start":{"line":52,"column":18},"end":{"line":52,"column":48}},"16":{"start":{"line":52,"column":27},"end":{"line":52,"column":48}},"17":{"start":{"line":57,"column":20},"end":{"line":57,"column":87}},"18":{"start":{"line":57,"column":36},"end":{"line":57,"column":87}},"19":{"start":{"line":64,"column":25},"end":{"line":64,"column":41}},"20":{"start":{"line":65,"column":4},"end":{"line":65,"column":100}},"21":{"start":{"line":72,"column":4},"end":{"line":74,"column":11}},"22":{"start":{"line":73,"column":8},"end":{"line":73,"column":127}},"23":{"start":{"line":83,"column":4},"end":{"line":83,"column":53}},"24":{"start":{"line":83,"column":42},"end":{"line":83,"column":52}},"25":{"start":{"line":96,"column":4},"end":{"line":115,"column":5}},"26":{"start":{"line":98,"column":12},"end":{"line":98,"column":43}},"27":{"start":{"line":99,"column":12},"end":{"line":103,"column":14}},"28":{"start":{"line":100,"column":16},"end":{"line":102,"column":33}},"29":{"start":{"line":100,"column":39},"end":{"line":100,"column":52}},"30":{"start":{"line":101,"column":21},"end":{"line":102,"column":33}},"31":{"start":{"line":101,"column":39},"end":{"line":101,"column":52}},"32":{"start":{"line":102,"column":21},"end":{"line":102,"column":33}},"33":{"start":{"line":104,"column":12},"end":{"line":104,"column":73}},"34":{"start":{"line":107,"column":12},"end":{"line":107,"column":43}},"35":{"start":{"line":108,"column":12},"end":{"line":108,"column":28}},"36":{"start":{"line":111,"column":12},"end":{"line":111,"column":28}},"37":{"start":{"line":114,"column":12},"end":{"line":114,"column":73}},"38":{"start":{"line":126,"column":4},"end":{"line":133,"column":24}},"39":{"start":{"line":127,"column":8},"end":{"line":127,"column":37}},"40":{"start":{"line":128,"column":8},"end":{"line":128,"column":60}},"41":{"start":{"line":128,"column":41},"end":{"line":128,"column":58}},"42":{"start":{"line":129,"column":8},"end":{"line":129,"column":75}},"43":{"start":{"line":131,"column":11},"end":{"line":133,"column":24}},"44":{"start":{"line":131,"column":55},"end":{"line":131,"column":122}},"45":{"start":{"line":133,"column":9},"end":{"line":133,"column":24}},"46":{"start":{"line":136,"column":0},"end":{"line":146,"column":18}}},"fnMap":{"0":{"name":"inputAndCheck","decl":{"start":{"line":12,"column":9},"end":{"line":12,"column":22}},"loc":{"start":{"line":12,"column":52},"end":{"line":20,"column":1}},"line":12},"1":{"name":"check","decl":{"start":{"line":26,"column":9},"end":{"line":26,"column":14}},"loc":{"start":{"line":26,"column":38},"end":{"line":29,"column":1}},"line":26},"2":{"name":"printList","decl":{"start":{"line":38,"column":9},"end":{"line":38,"column":18}},"loc":{"start":{"line":38,"column":25},"end":{"line":47,"column":1}},"line":38},"3":{"name":"(anonymous_3)","decl":{"start":{"line":42,"column":16},"end":{"line":42,"column":17}},"loc":{"start":{"line":42,"column":31},"end":{"line":45,"column":5}},"line":42},"4":{"name":"(anonymous_4)","decl":{"start":{"line":52,"column":18},"end":{"line":52,"column":19}},"loc":{"start":{"line":52,"column":27},"end":{"line":52,"column":48}},"line":52},"5":{"name":"(anonymous_5)","decl":{"start":{"line":57,"column":20},"end":{"line":57,"column":21}},"loc":{"start":{"line":57,"column":36},"end":{"line":57,"column":87}},"line":57},"6":{"name":"printInline","decl":{"start":{"line":63,"column":9},"end":{"line":63,"column":20}},"loc":{"start":{"line":63,"column":27},"end":{"line":66,"column":1}},"line":63},"7":{"name":"showCompletedTicket","decl":{"start":{"line":71,"column":9},"end":{"line":71,"column":28}},"loc":{"start":{"line":71,"column":41},"end":{"line":75,"column":1}},"line":71},"8":{"name":"(anonymous_8)","decl":{"start":{"line":72,"column":28},"end":{"line":72,"column":29}},"loc":{"start":{"line":72,"column":52},"end":{"line":74,"column":5}},"line":72},"9":{"name":"arrayNumber","decl":{"start":{"line":82,"column":9},"end":{"line":82,"column":20}},"loc":{"start":{"line":82,"column":32},"end":{"line":84,"column":1}},"line":82},"10":{"name":"(anonymous_10)","decl":{"start":{"line":83,"column":37},"end":{"line":83,"column":38}},"loc":{"start":{"line":83,"column":42},"end":{"line":83,"column":52}},"line":83},"11":{"name":"menageWheel","decl":{"start":{"line":95,"column":9},"end":{"line":95,"column":20}},"loc":{"start":{"line":95,"column":84},"end":{"line":116,"column":1}},"line":95},"12":{"name":"(anonymous_12)","decl":{"start":{"line":99,"column":35},"end":{"line":99,"column":36}},"loc":{"start":{"line":99,"column":49},"end":{"line":103,"column":13}},"line":99},"13":{"name":"menageType","decl":{"start":{"line":125,"column":9},"end":{"line":125,"column":19}},"loc":{"start":{"line":125,"column":89},"end":{"line":134,"column":1}},"line":125},"14":{"name":"(anonymous_14)","decl":{"start":{"line":128,"column":27},"end":{"line":128,"column":28}},"loc":{"start":{"line":128,"column":41},"end":{"line":128,"column":58}},"line":128}},"branchMap":{"0":{"loc":{"start":{"line":15,"column":4},"end":{"line":19,"column":5}},"type":"if","locations":[{"start":{"line":15,"column":4},"end":{"line":19,"column":5}},{"start":{"line":16,"column":9},"end":{"line":19,"column":5}}],"line":15},"1":{"loc":{"start":{"line":15,"column":8},"end":{"line":15,"column":28}},"type":"binary-expr","locations":[{"start":{"line":15,"column":8},"end":{"line":15,"column":13}},{"start":{"line":15,"column":17},"end":{"line":15,"column":28}}],"line":15},"2":{"loc":{"start":{"line":27,"column":4},"end":{"line":28,"column":21}},"type":"if","locations":[{"start":{"line":27,"column":4},"end":{"line":28,"column":21}},{"start":{"line":28,"column":9},"end":{"line":28,"column":21}}],"line":27},"3":{"loc":{"start":{"line":96,"column":4},"end":{"line":115,"column":5}},"type":"switch","locations":[{"start":{"line":97,"column":8},"end":{"line":104,"column":73}},{"start":{"line":106,"column":8},"end":{"line":108,"column":28}},{"start":{"line":110,"column":8},"end":{"line":111,"column":28}},{"start":{"line":113,"column":8},"end":{"line":114,"column":73}}],"line":96},"4":{"loc":{"start":{"line":97,"column":13},"end":{"line":97,"column":36}},"type":"binary-expr","locations":[{"start":{"line":97,"column":13},"end":{"line":97,"column":22}},{"start":{"line":97,"column":26},"end":{"line":97,"column":36}}],"line":97},"5":{"loc":{"start":{"line":100,"column":16},"end":{"line":102,"column":33}},"type":"if","locations":[{"start":{"line":100,"column":16},"end":{"line":102,"column":33}},{"start":{"line":101,"column":21},"end":{"line":102,"column":33}}],"line":100},"6":{"loc":{"start":{"line":101,"column":21},"end":{"line":102,"column":33}},"type":"if","locations":[{"start":{"line":101,"column":21},"end":{"line":102,"column":33}},{"start":{"line":102,"column":21},"end":{"line":102,"column":33}}],"line":101},"7":{"loc":{"start":{"line":110,"column":13},"end":{"line":110,"column":49}},"type":"binary-expr","locations":[{"start":{"line":110,"column":13},"end":{"line":110,"column":26}},{"start":{"line":110,"column":30},"end":{"line":110,"column":49}}],"line":110},"8":{"loc":{"start":{"line":126,"column":4},"end":{"line":133,"column":24}},"type":"if","locations":[{"start":{"line":126,"column":4},"end":{"line":133,"column":24}},{"start":{"line":131,"column":11},"end":{"line":133,"column":24}}],"line":126},"9":{"loc":{"start":{"line":126,"column":8},"end":{"line":126,"column":30}},"type":"binary-expr","locations":[{"start":{"line":126,"column":8},"end":{"line":126,"column":17}},{"start":{"line":126,"column":21},"end":{"line":126,"column":30}}],"line":126},"10":{"loc":{"start":{"line":131,"column":11},"end":{"line":133,"column":24}},"type":"if","locations":[{"start":{"line":131,"column":11},"end":{"line":133,"column":24}},{"start":{"line":133,"column":9},"end":{"line":133,"column":24}}],"line":131},"11":{"loc":{"start":{"line":131,"column":15},"end":{"line":131,"column":53}},"type":"binary-expr","locations":[{"start":{"line":131,"column":15},"end":{"line":131,"column":28}},{"start":{"line":131,"column":32},"end":{"line":131,"column":53}}],"line":131}},"s":{"0":1,"1":3,"2":3,"3":2,"4":1,"5":1,"6":6,"7":4,"8":2,"9":3,"10":3,"11":3,"12":9,"13":9,"14":3,"15":1,"16":3,"17":1,"18":1,"19":1,"20":1,"21":1,"22":2,"23":2,"24":14,"25":4,"26":1,"27":1,"28":11,"29":1,"30":10,"31":1,"32":9,"33":1,"34":1,"35":1,"36":1,"37":1,"38":3,"39":1,"40":1,"41":6,"42":1,"43":2,"44":1,"45":1,"46":1},"f":{"0":3,"1":6,"2":3,"3":9,"4":3,"5":1,"6":1,"7":1,"8":2,"9":2,"10":14,"11":4,"12":11,"13":3,"14":6},"b":{"0":[2,1],"1":[3,1],"2":[4,2],"3":[1,1,1,1],"4":[4,2],"5":[1,10],"6":[1,9],"7":[2,2],"8":[1,2],"9":[3,1],"10":[1,1],"11":[2,2]},"_coverageSchema":"1a1c01bbd47fc00a2c39e90264f33305004495a9","hash":"fb9b6e7f508215fd814eda1a39a295c299a5337f"}
}
