TN:
SF:Bill.js
FN:12,(anonymous_0)
FN:20,(anonymous_1)
FN:21,(anonymous_2)
FN:29,(anonymous_3)
FN:30,(anonymous_4)
FN:32,(anonymous_5)
FN:44,(anonymous_6)
FN:45,(anonymous_7)
FN:53,(anonymous_8)
FN:110,(anonymous_9)
FN:117,(anonymous_10)
FNF:11
FNH:11
FNDA:12,(anonymous_0)
FNDA:3,(anonymous_1)
FNDA:12,(anonymous_2)
FNDA:4,(anonymous_3)
FNDA:11,(anonymous_4)
FNDA:20,(anonymous_5)
FNDA:3,(anonymous_6)
FNDA:9,(anonymous_7)
FNDA:15,(anonymous_8)
FNDA:2,(anonymous_9)
FNDA:8,(anonymous_10)
DA:2,2
DA:4,2
DA:13,12
DA:14,11
DA:15,9
DA:20,3
DA:22,12
DA:23,1
DA:29,4
DA:32,20
DA:34,10
DA:36,9
DA:44,3
DA:47,9
DA:48,9
DA:49,9
DA:51,9
DA:53,9
DA:54,15
DA:55,15
DA:58,8
DA:65,20
DA:66,2
DA:73,27
DA:79,2
DA:81,2
DA:82,6
DA:83,6
DA:85,2
DA:93,10
DA:101,8
DA:102,8
DA:103,8
DA:111,2
DA:112,2
DA:113,2
DA:114,2
DA:115,2
DA:117,2
DA:118,8
DA:126,2
LF:41
LH:41
BRDA:22,0,0,11
BRDA:22,0,1,1
BRDA:22,1,0,12
BRDA:22,1,1,12
BRDA:22,1,2,11
BRDA:32,2,0,10
BRDA:32,2,1,0
BRDA:34,3,0,1
BRDA:34,3,1,9
BRDA:36,4,0,1
BRDA:36,4,1,8
BRDA:51,5,0,3
BRDA:51,5,1,6
BRDA:51,6,0,2
BRDA:51,6,1,1
BRDA:53,7,0,8
BRDA:53,7,1,0
BRDA:54,8,0,3
BRDA:54,8,1,12
BRDA:55,9,0,11
BRDA:55,9,1,4
BRDA:58,10,0,3
BRDA:58,10,1,5
BRDA:65,11,0,18
BRDA:65,11,1,2
BRDA:65,12,0,20
BRDA:65,12,1,18
BRDA:83,13,0,6
BRDA:83,13,1,0
BRF:29
BRH:26
end_of_record
TN:
SF:utils.js
FN:12,inputAndCheck
FN:26,check
FN:38,printList
FN:42,(anonymous_3)
FN:52,(anonymous_4)
FN:57,(anonymous_5)
FN:63,printInline
FN:71,showCompletedTicket
FN:72,(anonymous_8)
FN:82,arrayNumber
FN:83,(anonymous_10)
FN:95,menageWheel
FN:99,(anonymous_12)
FN:125,menageType
FN:128,(anonymous_14)
FNF:15
FNH:15
FNDA:3,inputAndCheck
FNDA:6,check
FNDA:3,printList
FNDA:9,(anonymous_3)
FNDA:3,(anonymous_4)
FNDA:1,(anonymous_5)
FNDA:1,printInline
FNDA:1,showCompletedTicket
FNDA:2,(anonymous_8)
FNDA:2,arrayNumber
FNDA:14,(anonymous_10)
FNDA:4,menageWheel
FNDA:11,(anonymous_12)
FNDA:3,menageType
FNDA:6,(anonymous_14)
DA:1,1
DA:13,3
DA:15,3
DA:17,1
DA:18,1
DA:27,6
DA:28,2
DA:39,3
DA:40,3
DA:42,3
DA:43,9
DA:44,9
DA:46,3
DA:52,3
DA:57,1
DA:64,1
DA:65,1
DA:72,1
DA:73,2
DA:83,14
DA:96,4
DA:98,1
DA:99,1
DA:100,11
DA:101,10
DA:102,9
DA:104,1
DA:107,1
DA:108,1
DA:111,1
DA:114,1
DA:126,3
DA:127,1
DA:128,6
DA:129,1
DA:131,2
DA:133,1
DA:136,1
LF:38
LH:38
BRDA:15,0,0,2
BRDA:15,0,1,1
BRDA:15,1,0,3
BRDA:15,1,1,1
BRDA:27,2,0,4
BRDA:27,2,1,2
BRDA:96,3,0,1
BRDA:96,3,1,1
BRDA:96,3,2,1
BRDA:96,3,3,1
BRDA:97,4,0,4
BRDA:97,4,1,2
BRDA:100,5,0,1
BRDA:100,5,1,10
BRDA:101,6,0,1
BRDA:101,6,1,9
BRDA:110,7,0,2
BRDA:110,7,1,2
BRDA:126,8,0,1
BRDA:126,8,1,2
BRDA:126,9,0,3
BRDA:126,9,1,1
BRDA:131,10,0,1
BRDA:131,10,1,1
BRDA:131,11,0,2
BRDA:131,11,1,2
BRF:26
BRH:26
end_of_record
